0 info it worked if it ends with ok
1 verbose cli [
1 verbose cli   'C:\\Users\\Ian Angillis\\scoop\\apps\\nodejs\\current\\node.exe',
1 verbose cli   'C:\\Users\\Ian Angillis\\scoop\\apps\\nodejs\\current\\bin\\node_modules\\npm\\bin\\npm-cli.js',
1 verbose cli   'install',
1 verbose cli   'uuid'
1 verbose cli ]
2 info using npm@3.10.10
3 info using node@v18.7.0
4 verbose config Skipping project config: C:\Users\Ian Angillis/.npmrc. (matches userconfig)
5 silly loadCurrentTree Starting
6 silly install loadCurrentTree
7 silly install readLocalPackageData
8 verbose stack TypeError: cb.apply is not a function
8 verbose stack     at C:\Users\Ian Angillis\scoop\persist\nodejs\bin\node_modules\npm\node_modules\graceful-fs\polyfills.js:267:18
8 verbose stack     at FSReqCallback.oncomplete (node:fs:212:5)
9 verbose cwd C:\Users\Ian Angillis\Workspace\MasterComputerScienceThesis
10 error Windows_NT 10.0.22621
11 error argv "C:\\Users\\Ian Angillis\\scoop\\apps\\nodejs\\current\\node.exe" "C:\\Users\\Ian Angillis\\scoop\\apps\\nodejs\\current\\bin\\node_modules\\npm\\bin\\npm-cli.js" "install" "uuid"
12 error node v18.7.0
13 error npm  v3.10.10
14 error cb.apply is not a function
15 error If you need help, you may report this error at:
15 error     <https://github.com/npm/npm/issues>
16 verbose exit [ 1, true ]
